<?xml version="1.0" encoding="UTF-8"?>
<testng-results ignored="0" total="1" passed="1" failed="0" skipped="0">
  <reporter-output>
  </reporter-output>
  <suite started-at="2022-06-22T12:17:20 EDT" name="Default suite" finished-at="2022-06-22T12:17:29 EDT" duration-ms="8779">
    <groups>
    </groups>
    <test started-at="2022-06-22T12:17:20 EDT" name="Default test" finished-at="2022-06-22T12:17:29 EDT" duration-ms="8779">
      <class name="test.Testing">
        <test-method is-config="true" signature="setUp()[pri:0, instance:test.Testing@3c407114]" started-at="2022-06-22T12:17:20 EDT" name="setUp" finished-at="2022-06-22T12:17:24 EDT" duration-ms="3577" status="PASS">
          <reporter-output>
          </reporter-output>
        </test-method> <!-- setUp -->
        <test-method signature="searchJob()[pri:1, instance:test.Testing@3c407114]" started-at="2022-06-22T12:17:24 EDT" name="searchJob" finished-at="2022-06-22T12:17:29 EDT" duration-ms="5171" status="PASS">
          <reporter-output>
          </reporter-output>
        </test-method> <!-- searchJob -->
      </class> <!-- test.Testing -->
    </test> <!-- Default test -->
  </suite> <!-- Default suite -->
</testng-results>
